TN:
SF:tests\rayen\BehaviorCollector.test.js
FN:62,makeCollector
FNF:1
FNH:1
FNDA:70,makeCollector
DA:1,1
DA:2,1
DA:3,1
DA:4,1
DA:5,1
DA:6,1
DA:7,1
DA:8,1
DA:9,1
DA:10,1
DA:11,1
DA:12,1
DA:13,1
DA:14,1
DA:15,1
DA:16,1
DA:17,1
DA:18,1
DA:19,1
DA:20,1
DA:21,1
DA:22,1
DA:23,1
DA:24,1
DA:25,1
DA:26,1
DA:27,1
DA:28,1
DA:29,1
DA:30,1
DA:31,1
DA:32,1
DA:33,1
DA:34,1
DA:35,1
DA:36,1
DA:37,1
DA:38,1
DA:39,1
DA:40,1
DA:41,1
DA:42,1
DA:43,1
DA:44,1
DA:45,1
DA:46,1
DA:47,1
DA:48,1
DA:49,1
DA:50,1
DA:51,1
DA:52,1
DA:53,1
DA:54,1
DA:55,1
DA:56,1
DA:57,1
DA:58,1
DA:59,1
DA:60,1
DA:61,1
DA:62,70
DA:63,70
DA:64,70
DA:65,70
DA:66,70
DA:67,70
DA:68,70
DA:69,1
DA:70,1
DA:71,1
DA:72,1
DA:73,1
DA:74,1
DA:75,1
DA:76,1
DA:77,1
DA:78,66
DA:79,66
DA:80,66
DA:81,66
DA:82,66
DA:83,66
DA:84,66
DA:85,66
DA:86,66
DA:87,66
DA:88,66
DA:89,66
DA:90,66
DA:91,66
DA:92,66
DA:93,66
DA:94,66
DA:95,66
DA:96,66
DA:97,1
DA:98,1
DA:99,1
DA:100,66
DA:101,66
DA:102,66
DA:103,66
DA:104,1
DA:105,1
DA:106,1
DA:107,1
DA:108,1
DA:109,1
DA:110,1
DA:111,1
DA:112,1
DA:113,1
DA:114,1
DA:115,1
DA:116,1
DA:117,1
DA:118,1
DA:119,1
DA:120,1
DA:121,1
DA:122,1
DA:123,1
DA:124,1
DA:125,1
DA:126,1
DA:127,1
DA:128,1
DA:129,1
DA:130,1
DA:131,1
DA:132,1
DA:133,1
DA:134,1
DA:135,1
DA:136,1
DA:137,1
DA:138,1
DA:139,1
DA:140,1
DA:141,1
DA:142,1
DA:143,1
DA:144,1
DA:145,1
DA:146,1
DA:147,1
DA:148,1
DA:149,1
DA:150,1
DA:151,1
DA:152,1
DA:153,1
DA:154,1
DA:155,1
DA:156,1
DA:157,1
DA:158,1
DA:159,1
DA:160,1
DA:161,1
DA:162,1
DA:163,1
DA:164,1
DA:165,1
DA:166,1
DA:167,1
DA:168,1
DA:169,1
DA:170,1
DA:171,1
DA:172,1
DA:173,1
DA:174,1
DA:175,1
DA:176,1
DA:177,1
DA:178,1
DA:179,1
DA:180,1
DA:181,1
DA:182,1
DA:183,1
DA:184,1
DA:185,1
DA:186,1
DA:187,1
DA:188,1
DA:189,1
DA:190,1
DA:191,1
DA:192,1
DA:193,1
DA:194,1
DA:195,1
DA:196,1
DA:197,1
DA:198,1
DA:199,1
DA:200,1
DA:201,1
DA:202,1
DA:203,1
DA:204,1
DA:205,1
DA:206,1
DA:207,1
DA:208,1
DA:209,1
DA:210,1
DA:211,1
DA:212,1
DA:213,1
DA:214,1
DA:215,1
DA:216,1
DA:217,1
DA:218,1
DA:219,1
DA:220,1
DA:221,1
DA:222,1
DA:223,1
DA:224,1
DA:225,1
DA:226,1
DA:227,1
DA:228,1
DA:229,1
DA:230,1
DA:231,1
DA:232,1
DA:233,1
DA:234,1
DA:235,1
DA:236,1
DA:237,1
DA:238,1
DA:239,1
DA:240,1
DA:241,1
DA:242,1
DA:243,1
DA:244,1
DA:245,1
DA:246,1
DA:247,1
DA:248,1
DA:249,1
DA:250,1
DA:251,1
DA:252,1
DA:253,1
DA:254,1
DA:255,1
DA:256,1
DA:257,1
DA:258,1
DA:259,1
DA:260,1
DA:261,1
DA:262,1
DA:263,1
DA:264,1
DA:265,1
DA:266,1
DA:267,1
DA:268,1
DA:269,1
DA:270,1
DA:271,1
DA:272,1
DA:273,1
DA:274,1
DA:275,1
DA:276,1
DA:277,1
DA:278,1
DA:279,1
DA:280,1
DA:281,1
DA:282,1
DA:283,1
DA:284,1
DA:285,1
DA:286,1
DA:287,1
DA:288,1
DA:289,1
DA:290,1
DA:291,1
DA:292,1
DA:293,1
DA:294,1
DA:295,1
DA:296,1
DA:297,1
DA:298,1
DA:299,1
DA:300,1
DA:301,1
DA:302,1
DA:303,1
DA:304,1
DA:305,1
DA:306,1
DA:307,1
DA:308,1
DA:309,1
DA:310,1
DA:311,1
DA:312,1
DA:313,1
DA:314,1
DA:315,1
DA:316,1
DA:317,1
DA:318,1
DA:319,1
DA:320,1
DA:321,1
DA:322,1
DA:323,1
DA:324,1
DA:325,1
DA:326,1
DA:327,1
DA:328,1
DA:329,1
DA:330,1
DA:331,1
DA:332,1
DA:333,1
DA:334,1
DA:335,1
DA:336,1
DA:337,1
DA:338,1
DA:339,1
DA:340,1
DA:341,1
DA:342,1
DA:343,1
DA:344,1
DA:345,1
DA:346,1
DA:347,1
DA:348,1
DA:349,1
DA:350,1
DA:351,1
DA:352,1
DA:353,1
DA:354,1
DA:355,1
DA:356,1
DA:357,1
DA:358,1
DA:359,1
DA:360,1
DA:361,1
DA:362,1
DA:363,1
DA:364,1
DA:365,1
DA:366,1
DA:367,1
DA:368,1
DA:369,1
DA:370,1
DA:371,1
DA:372,1
DA:373,1
DA:374,1
DA:375,1
DA:376,1
DA:377,1
DA:378,1
DA:379,1
DA:380,1
DA:381,1
DA:382,1
DA:383,1
DA:384,1
DA:385,1
DA:386,1
DA:387,1
DA:388,1
DA:389,1
DA:390,1
DA:391,1
DA:392,1
DA:393,1
DA:394,1
DA:395,1
DA:396,1
DA:397,1
DA:398,1
DA:399,1
DA:400,1
DA:401,1
DA:402,1
DA:403,1
DA:404,1
DA:405,1
DA:406,1
DA:407,1
DA:408,1
DA:409,1
DA:410,1
DA:411,1
DA:412,1
DA:413,1
DA:414,1
DA:415,1
DA:416,1
DA:417,1
DA:418,1
DA:419,1
DA:420,1
DA:421,1
DA:422,1
DA:423,1
DA:424,1
DA:425,1
DA:426,1
DA:427,1
DA:428,1
DA:429,1
DA:430,1
DA:431,1
DA:432,1
DA:433,1
DA:434,1
DA:435,1
DA:436,1
DA:437,1
DA:438,1
DA:439,1
DA:440,1
DA:441,1
DA:442,1
DA:443,1
DA:444,1
DA:445,1
DA:446,1
DA:447,1
DA:448,1
DA:449,1
DA:450,8
DA:451,1
DA:452,1
DA:453,1
DA:454,1
DA:455,1
DA:456,1
DA:457,1
DA:458,1
DA:459,1
DA:460,1
DA:461,1
DA:462,1
DA:463,1
DA:464,1
DA:465,1
DA:466,1
DA:467,1
DA:468,1
DA:469,1
DA:470,1
DA:471,1
DA:472,1
DA:473,1
DA:474,1
DA:475,1
DA:476,1
DA:477,1
DA:478,1
DA:479,1
DA:480,1
DA:481,1
DA:482,1
DA:483,1
DA:484,1
DA:485,1
DA:486,1
DA:487,1
DA:488,1
DA:489,1
DA:490,1
DA:491,1
DA:492,1
DA:493,1
DA:494,1
DA:495,1
DA:496,1
DA:497,1
DA:498,1
DA:499,1
DA:500,1
DA:501,1
DA:502,1
DA:503,1
DA:504,1
DA:505,1
DA:506,1
DA:507,1
DA:508,1
DA:509,1
DA:510,1
DA:511,1
DA:512,1
DA:513,1
DA:514,6
DA:515,6
DA:516,6
DA:517,6
DA:518,6
DA:519,1
DA:520,1
DA:521,1
DA:522,1
DA:523,1
DA:524,1
DA:525,1
DA:526,1
DA:527,1
DA:528,1
DA:529,1
DA:530,1
DA:531,1
DA:532,1
DA:533,1
DA:534,1
DA:535,1
DA:536,1
DA:537,1
DA:538,1
DA:539,1
DA:540,1
DA:541,1
DA:542,1
DA:543,1
DA:544,1
DA:545,1
DA:546,1
DA:547,1
DA:548,1
DA:549,1
DA:550,1
DA:551,1
DA:552,1
DA:553,1
DA:554,1
DA:555,1
DA:556,1
DA:557,1
DA:558,1
DA:559,1
DA:560,1
DA:561,1
DA:562,1
DA:563,1
DA:564,1
DA:565,1
DA:566,1
DA:567,1
DA:568,1
DA:569,1
DA:570,1
DA:571,1
DA:572,1
DA:573,1
DA:574,1
DA:575,1
LF:575
LH:575
BRDA:44,0,0,0
BRDA:62,1,0,70
BRDA:72,2,0,1
BRDA:77,3,0,66
BRDA:81,4,0,28
BRDA:99,5,0,66
BRDA:108,6,0,1
BRDA:109,7,0,1
BRDA:114,8,0,1
BRDA:119,9,0,1
BRDA:124,10,0,1
BRDA:129,11,0,1
BRDA:134,12,0,1
BRDA:139,13,0,1
BRDA:143,14,0,1
BRDA:147,15,0,1
BRDA:154,16,0,1
BRDA:155,17,0,1
BRDA:160,18,0,1
BRDA:165,19,0,1
BRDA:170,20,0,1
BRDA:175,21,0,1
BRDA:180,22,0,1
BRDA:189,23,0,1
BRDA:190,24,0,1
BRDA:195,25,0,1
BRDA:200,26,0,1
BRDA:205,27,0,1
BRDA:210,28,0,1
BRDA:215,29,0,1
BRDA:222,30,0,1
BRDA:228,31,0,8
BRDA:229,32,0,8
BRDA:230,33,0,8
BRDA:236,34,0,1
BRDA:237,35,0,1
BRDA:242,36,0,1
BRDA:248,37,0,1
BRDA:250,38,0,1
BRDA:254,39,0,1
BRDA:257,40,0,3
BRDA:261,41,0,1
BRDA:264,42,0,2
BRDA:268,43,0,1
BRDA:271,44,0,3
BRDA:275,45,0,1
BRDA:278,46,0,2
BRDA:282,47,0,1
BRDA:285,48,0,2
BRDA:289,49,0,1
BRDA:292,50,0,2
BRDA:296,51,0,1
BRDA:304,52,0,1
BRDA:305,53,0,1
BRDA:308,54,0,1
BRDA:312,55,0,1
BRDA:315,56,0,1
BRDA:319,57,0,1
BRDA:324,58,0,2
BRDA:328,59,0,1
BRDA:333,60,0,2
BRDA:340,61,0,1
BRDA:341,62,0,1
BRDA:348,63,0,1
BRDA:356,64,0,1
BRDA:364,65,0,1
BRDA:376,66,0,1
BRDA:377,67,0,1
BRDA:384,68,0,1
BRDA:390,69,0,1
BRDA:397,70,0,1
BRDA:405,71,0,1
BRDA:412,72,0,1
BRDA:419,73,0,1
BRDA:426,74,0,1
BRDA:434,75,0,1
BRDA:436,76,0,1
BRDA:437,77,0,1
BRDA:442,78,0,1
BRDA:448,79,0,1
BRDA:449,80,0,8
BRDA:453,81,0,1
BRDA:461,82,0,1
BRDA:464,83,0,0
BRDA:468,84,0,1
BRDA:472,85,0,0
BRDA:476,86,0,1
BRDA:479,87,0,0
BRDA:487,88,0,1
BRDA:491,89,0,0
BRDA:495,90,0,1
BRDA:500,91,0,1
BRDA:506,92,0,1
BRDA:512,93,0,1
BRDA:513,94,0,6
BRDA:521,95,0,1
BRDA:526,96,0,1
BRDA:534,97,0,1
BRDA:540,98,0,1
BRDA:546,99,0,1
BRDA:551,100,0,1
BRDA:557,101,0,1
BRDA:558,102,0,1
BRDA:566,103,0,1
BRF:104
BRH:99
end_of_record
TN:
SF:tests\rayen\allGames.test.js
FN:26,listGamePaths
FN:30,validateGameStructure
FNF:2
FNH:2
FNDA:1,listGamePaths
FNDA:144,validateGameStructure
DA:1,1
DA:2,1
DA:3,1
DA:4,1
DA:5,1
DA:6,1
DA:7,1
DA:8,1
DA:9,1
DA:10,1
DA:11,1
DA:12,1
DA:13,1
DA:14,1
DA:15,1
DA:16,1
DA:17,1
DA:18,1
DA:19,1
DA:20,1
DA:21,1
DA:22,1
DA:23,1
DA:24,1
DA:25,1
DA:26,1
DA:27,1
DA:28,1
DA:29,1
DA:30,144
DA:31,144
DA:32,144
DA:33,144
DA:34,144
DA:35,144
DA:36,144
DA:37,144
DA:38,144
DA:39,144
DA:40,144
DA:41,144
DA:42,144
DA:43,1
DA:44,1
DA:45,1
DA:46,1
DA:47,1
DA:48,1
DA:49,1
DA:50,1
DA:51,1
DA:52,1
DA:53,1
DA:54,1
DA:55,1
DA:56,1
DA:57,1
DA:58,1
DA:59,1
DA:60,1
DA:61,1
DA:62,1
DA:63,1
DA:64,1
DA:65,1
DA:66,1
DA:67,1
DA:68,1
DA:69,16
DA:70,1
DA:71,1
DA:72,1
DA:73,1
DA:74,1
DA:75,16
DA:76,16
DA:77,16
DA:78,1
DA:79,1
DA:80,1
DA:81,1
DA:82,1
DA:83,1
DA:84,1
DA:85,1
DA:86,1
DA:87,1
DA:88,1
DA:89,1
DA:90,16
DA:91,16
DA:92,16
DA:93,1
DA:94,1
DA:95,1
DA:96,1
DA:97,1
DA:98,16
DA:99,16
DA:100,1
DA:101,1
DA:102,1
DA:103,1
DA:104,1
DA:105,1
DA:106,16
DA:107,16
DA:108,1
DA:109,1
DA:110,1
DA:111,1
DA:112,1
DA:113,1
DA:114,1
DA:115,1
DA:116,1
DA:117,10
DA:118,10
DA:119,10
DA:120,10
DA:121,7
DA:122,7
DA:123,7
DA:124,7
DA:125,7
DA:126,1
DA:127,1
DA:128,1
DA:129,1
DA:130,1
DA:131,1
DA:132,1
DA:133,16
DA:134,16
DA:135,16
DA:136,1
DA:137,1
DA:138,1
DA:139,1
DA:140,1
DA:141,1
DA:142,1
DA:143,1
DA:144,1
DA:145,1
DA:146,1
DA:147,1
DA:148,1
DA:149,1
DA:150,1
DA:151,1
DA:152,16
DA:153,16
DA:154,0
DA:155,16
DA:156,12
DA:157,16
DA:158,0
DA:159,4
DA:160,4
DA:161,4
DA:162,1
DA:163,1
DA:164,1
DA:165,1
DA:166,1
DA:167,1
DA:168,1
DA:169,1
DA:170,1
DA:171,1
DA:172,1
DA:173,1
DA:174,1
DA:175,1
DA:176,1
DA:177,1
DA:178,1
DA:179,1
DA:180,1
DA:181,1
DA:182,1
DA:183,16
DA:184,16
DA:185,16
DA:186,16
DA:187,1
DA:188,1
DA:189,1
DA:190,1
DA:191,1
DA:192,16
DA:193,16
DA:194,1
DA:195,1
DA:196,1
DA:197,1
DA:198,1
DA:199,1
DA:200,16
DA:201,16
DA:202,16
DA:203,12
DA:204,12
DA:205,12
DA:206,16
DA:207,0
DA:208,0
DA:209,0
DA:210,16
DA:211,0
DA:212,0
DA:213,1
DA:214,1
DA:215,1
DA:216,1
DA:217,1
DA:218,1
DA:219,1
DA:220,1
DA:221,1
DA:222,1
DA:223,1
DA:224,1
DA:225,1
DA:226,1
DA:227,1
DA:228,16
DA:229,16
DA:230,16
DA:231,16
DA:232,16
DA:233,16
DA:234,16
DA:235,12
DA:236,12
DA:237,12
DA:238,16
DA:239,1
DA:240,1
DA:241,1
DA:242,1
DA:243,1
DA:244,1
DA:245,1
DA:246,1
DA:247,1
DA:248,1
DA:249,1
DA:250,1
DA:251,1
DA:252,16
DA:253,16
DA:254,65
DA:255,65
DA:256,65
DA:257,16
DA:258,1
DA:259,1
DA:260,1
DA:261,1
DA:262,1
DA:263,1
DA:264,10
DA:265,10
DA:266,1
DA:267,1
DA:268,1
LF:268
LH:261
BRDA:26,0,0,1
BRDA:27,1,0,16
BRDA:30,2,0,144
BRDA:44,3,0,1
BRDA:47,4,0,1
BRDA:52,5,0,1
BRDA:56,6,0,1
BRDA:58,7,0,0
BRDA:57,8,0,16
BRDA:62,9,0,1
BRDA:67,10,0,1
BRDA:68,11,0,16
BRDA:73,12,0,1
BRDA:74,13,0,16
BRDA:81,14,0,1
BRDA:82,15,0,16
BRDA:88,16,0,1
BRDA:89,17,0,16
BRDA:96,18,0,1
BRDA:97,19,0,16
BRDA:104,20,0,1
BRDA:105,21,0,16
BRDA:114,22,0,1
BRDA:116,23,0,10
BRDA:120,24,0,7
BRDA:129,25,0,1
BRDA:132,26,0,16
BRDA:135,27,0,2
BRDA:143,28,0,1
BRDA:151,29,0,16
BRDA:153,30,0,12
BRDA:153,31,0,0
BRDA:155,32,0,12
BRDA:157,33,0,4
BRDA:157,34,0,0
BRDA:164,35,0,4
BRDA:168,36,0,1
BRDA:169,37,0,16
BRDA:174,38,0,1
BRDA:175,39,0,16
BRDA:181,40,0,1
BRDA:182,41,0,16
BRDA:190,42,0,1
BRDA:191,43,0,16
BRDA:197,44,0,1
BRDA:199,45,0,16
BRDA:202,46,0,12
BRDA:206,47,0,0
BRDA:210,48,0,0
BRDA:217,49,0,1
BRDA:227,50,0,16
BRDA:229,51,0,12
BRDA:230,52,0,0
BRDA:231,53,0,12
BRDA:231,54,0,0
BRDA:234,55,0,12
BRDA:238,56,0,0
BRDA:249,57,0,1
BRDA:251,58,0,16
BRDA:253,59,0,65
BRDA:261,60,0,1
BRDA:263,61,0,10
BRF:62
BRH:54
end_of_record
TN:
SF:tests\rayen\memory_game.test.js
FN:58,from
FN:61,to
FN:62,fromTo
FN:63,set
FN:64,timeline
FN:97,document.getElementById.getContext
FN:98,clearRect
FN:99,arc
FN:100,fill
FN:101,beginPath
FN:107,global.requestAnimationFrame
FN:125,flush
FN:149,gsapStub.from
FN:150,gsapStub.to
FN:151,gsapStub.fromTo
FN:152,gsapStub.set
FN:153,gsapStub.timeline
FN:153,to
FN:153,from
FN:153,call
FN:158,json
FN:182,createCard
FN:192,getBoundingClientRect
FN:197,hudPairs
FN:198,hudErrors
FN:199,hudTime
FNF:26
FNH:19
FNDA:5,from
FNDA:0,to
FNDA:0,fromTo
FNDA:0,set
FNDA:0,timeline
FNDA:1,document.getElementById.getContext
FNDA:1,clearRect
FNDA:1,arc
FNDA:1,fill
FNDA:1,beginPath
FNDA:1,global.requestAnimationFrame
FNDA:0,flush
FNDA:55,gsapStub.from
FNDA:176,gsapStub.to
FNDA:9,gsapStub.fromTo
FNDA:1,gsapStub.set
FNDA:1,gsapStub.timeline
FNDA:0,to
FNDA:1,from
FNDA:0,call
FNDA:8,json
FNDA:53,createCard
FNDA:9,getBoundingClientRect
FNDA:6,hudPairs
FNDA:5,hudErrors
FNDA:1,hudTime
DA:1,1
DA:2,1
DA:3,1
DA:4,1
DA:5,1
DA:6,1
DA:7,1
DA:8,1
DA:9,1
DA:10,1
DA:11,1
DA:12,1
DA:13,1
DA:14,1
DA:15,1
DA:16,1
DA:17,1
DA:18,1
DA:19,1
DA:20,1
DA:21,1
DA:22,1
DA:23,1
DA:24,1
DA:25,1
DA:26,1
DA:27,1
DA:28,1
DA:29,1
DA:30,1
DA:31,1
DA:32,1
DA:33,1
DA:34,1
DA:35,1
DA:36,1
DA:37,1
DA:38,1
DA:39,1
DA:40,1
DA:41,1
DA:42,1
DA:43,1
DA:44,1
DA:45,1
DA:46,1
DA:47,1
DA:48,1
DA:49,1
DA:50,1
DA:51,1
DA:52,1
DA:53,1
DA:54,1
DA:55,1
DA:56,1
DA:57,1
DA:58,1
DA:59,1
DA:60,1
DA:61,1
DA:62,1
DA:63,1
DA:64,1
DA:65,1
DA:66,1
DA:67,1
DA:68,1
DA:69,1
DA:70,1
DA:71,1
DA:72,1
DA:73,1
DA:74,1
DA:75,1
DA:76,1
DA:77,1
DA:78,1
DA:79,1
DA:80,1
DA:81,1
DA:82,1
DA:83,1
DA:84,1
DA:85,1
DA:86,1
DA:87,1
DA:88,1
DA:89,1
DA:90,1
DA:91,1
DA:92,1
DA:93,1
DA:94,1
DA:95,1
DA:96,1
DA:97,1
DA:98,1
DA:99,1
DA:100,1
DA:101,1
DA:102,1
DA:103,1
DA:104,1
DA:105,1
DA:106,1
DA:107,1
DA:108,1
DA:109,1
DA:110,1
DA:111,0
DA:112,0
DA:113,0
DA:114,1
DA:115,1
DA:116,1
DA:117,1
DA:118,1
DA:119,1
DA:120,1
DA:121,1
DA:122,1
DA:123,1
DA:124,1
DA:125,1
DA:126,1
DA:127,1
DA:128,1
DA:129,1
DA:130,1
DA:131,1
DA:132,1
DA:133,1
DA:134,1
DA:135,1
DA:136,1
DA:137,1
DA:138,1
DA:139,1
DA:140,1
DA:141,1
DA:142,1
DA:143,1
DA:144,1
DA:145,32
DA:146,32
DA:147,32
DA:148,32
DA:149,32
DA:150,32
DA:151,32
DA:152,32
DA:153,32
DA:154,32
DA:155,32
DA:156,32
DA:157,8
DA:158,8
DA:159,8
DA:160,32
DA:161,32
DA:162,32
DA:163,32
DA:164,32
DA:165,32
DA:166,32
DA:167,32
DA:168,1
DA:169,1
DA:170,1
DA:171,32
DA:172,32
DA:173,32
DA:174,1
DA:175,1
DA:176,1
DA:177,1
DA:178,1
DA:179,1
DA:180,1
DA:181,1
DA:182,1
DA:183,53
DA:184,53
DA:185,53
DA:186,53
DA:187,53
DA:188,53
DA:189,53
DA:190,53
DA:191,53
DA:192,53
DA:193,53
DA:194,53
DA:195,1
DA:196,1
DA:197,1
DA:198,1
DA:199,1
DA:200,1
DA:201,1
DA:202,1
DA:203,1
DA:204,1
DA:205,1
DA:206,1
DA:207,1
DA:208,1
DA:209,1
DA:210,1
DA:211,1
DA:212,1
DA:213,1
DA:214,1
DA:215,1
DA:216,1
DA:217,1
DA:218,1
DA:219,1
DA:220,1
DA:221,1
DA:222,1
DA:223,1
DA:224,1
DA:225,1
DA:226,1
DA:227,1
DA:228,1
DA:229,1
DA:230,1
DA:231,1
DA:232,1
DA:233,1
DA:234,1
DA:235,1
DA:236,1
DA:237,1
DA:238,1
DA:239,1
DA:240,1
DA:241,1
DA:242,1
DA:243,1
DA:244,1
DA:245,1
DA:246,1
DA:247,1
DA:248,1
DA:249,1
DA:250,1
DA:251,1
DA:252,1
DA:253,1
DA:254,1
DA:255,1
DA:256,1
DA:257,1
DA:258,1
DA:259,1
DA:260,1
DA:261,1
DA:262,1
DA:263,1
DA:264,1
DA:265,1
DA:266,1
DA:267,1
DA:268,1
DA:269,1
DA:270,1
DA:271,1
DA:272,1
DA:273,1
DA:274,1
DA:275,1
DA:276,1
DA:277,1
DA:278,1
DA:279,1
DA:280,1
DA:281,1
DA:282,1
DA:283,1
DA:284,1
DA:285,1
DA:286,1
DA:287,1
DA:288,1
DA:289,1
DA:290,1
DA:291,1
DA:292,1
DA:293,1
DA:294,1
DA:295,1
DA:296,1
DA:297,1
DA:298,1
DA:299,1
DA:300,1
DA:301,1
DA:302,1
DA:303,1
DA:304,1
DA:305,1
DA:306,1
DA:307,1
DA:308,1
DA:309,1
DA:310,1
DA:311,1
DA:312,1
DA:313,1
DA:314,1
DA:315,1
DA:316,1
DA:317,1
DA:318,1
DA:319,1
DA:320,1
DA:321,1
DA:322,1
DA:323,1
DA:324,1
DA:325,1
DA:326,1
DA:327,1
DA:328,1
DA:329,1
DA:330,1
DA:331,1
DA:332,1
DA:333,1
DA:334,1
DA:335,1
DA:336,1
DA:337,1
DA:338,1
DA:339,1
DA:340,1
DA:341,1
DA:342,1
DA:343,1
DA:344,1
DA:345,1
DA:346,1
DA:347,1
DA:348,1
DA:349,1
DA:350,1
DA:351,1
DA:352,1
DA:353,1
DA:354,1
DA:355,1
DA:356,1
DA:357,1
DA:358,1
DA:359,1
DA:360,1
DA:361,1
DA:362,1
DA:363,1
DA:364,1
DA:365,1
DA:366,1
DA:367,1
DA:368,1
DA:369,1
DA:370,1
DA:371,1
DA:372,1
DA:373,1
DA:374,1
DA:375,1
DA:376,1
DA:377,1
DA:378,1
DA:379,1
DA:380,1
DA:381,1
DA:382,1
DA:383,1
DA:384,1
DA:385,1
DA:386,1
DA:387,1
DA:388,1
DA:389,1
DA:390,1
DA:391,1
DA:392,1
DA:393,1
DA:394,1
DA:395,1
DA:396,1
DA:397,1
DA:398,1
DA:399,1
DA:400,1
DA:401,1
DA:402,1
DA:403,1
DA:404,1
DA:405,1
DA:406,1
DA:407,1
DA:408,1
DA:409,1
DA:410,1
DA:411,1
DA:412,1
DA:413,1
DA:414,1
DA:415,1
DA:416,1
DA:417,1
DA:418,1
DA:419,1
DA:420,1
DA:421,1
DA:422,1
DA:423,1
DA:424,1
DA:425,1
DA:426,1
DA:427,1
DA:428,1
DA:429,1
DA:430,1
DA:431,1
DA:432,1
DA:433,1
DA:434,1
DA:435,1
DA:436,1
DA:437,1
DA:438,1
DA:439,1
DA:440,1
DA:441,1
DA:442,1
DA:443,1
DA:444,1
DA:445,1
DA:446,1
DA:447,1
DA:448,1
DA:449,1
DA:450,1
DA:451,1
DA:452,1
DA:453,1
DA:454,1
DA:455,1
DA:456,1
DA:457,1
DA:458,1
DA:459,1
DA:460,1
DA:461,1
DA:462,1
DA:463,1
DA:464,1
DA:465,1
DA:466,1
DA:467,1
DA:468,1
DA:469,1
DA:470,1
DA:471,1
DA:472,1
DA:473,1
DA:474,1
DA:475,1
DA:476,1
DA:477,1
DA:478,1
DA:479,1
DA:480,1
DA:481,1
DA:482,1
DA:483,1
DA:484,1
DA:485,1
DA:486,1
DA:487,1
DA:488,1
DA:489,1
DA:490,1
DA:491,1
DA:492,1
DA:493,1
DA:494,1
DA:495,1
DA:496,1
DA:497,1
DA:498,1
DA:499,1
DA:500,1
DA:501,1
DA:502,1
DA:503,1
DA:504,1
DA:505,1
LF:505
LH:502
BRDA:58,0,0,5
BRDA:71,1,0,1
BRDA:80,2,0,1
BRDA:120,3,0,0
BRDA:121,4,0,0
BRDA:135,5,0,0
BRDA:97,6,0,1
BRDA:98,7,0,1
BRDA:99,8,0,1
BRDA:100,9,0,1
BRDA:101,10,0,1
BRDA:107,11,0,1
BRDA:138,12,0,1
BRDA:144,13,0,32
BRDA:163,14,0,0
BRDA:163,15,0,0
BRDA:149,16,0,55
BRDA:150,17,0,176
BRDA:151,18,0,9
BRDA:152,19,0,1
BRDA:153,20,0,1
BRDA:153,21,0,1
BRDA:156,22,0,8
BRDA:158,23,0,8
BRDA:165,24,0,8
BRDA:170,25,0,32
BRDA:182,26,0,53
BRDA:184,27,0,1
BRDA:185,28,0,1
BRDA:188,29,0,92
BRDA:188,30,0,92
BRDA:189,31,0,28
BRDA:189,32,0,56
BRDA:190,33,0,95
BRDA:192,34,0,9
BRDA:197,35,0,6
BRDA:197,36,0,0
BRDA:198,37,0,5
BRDA:198,38,0,0
BRDA:199,39,0,1
BRDA:201,40,0,0
BRDA:206,41,0,1
BRDA:207,42,0,1
BRDA:216,43,0,1
BRDA:225,44,0,1
BRDA:238,45,0,1
BRDA:239,46,0,1
BRDA:245,47,0,1
BRDA:251,48,0,1
BRDA:264,49,0,1
BRDA:265,50,0,1
BRDA:271,51,0,1
BRDA:279,52,0,1
BRDA:280,53,0,1
BRDA:289,54,0,1
BRDA:296,55,0,1
BRDA:303,56,0,1
BRDA:308,57,0,1
BRDA:313,58,0,1
BRDA:323,59,0,1
BRDA:330,60,0,1
BRDA:342,61,0,1
BRDA:343,62,0,1
BRDA:352,63,0,1
BRDA:359,64,0,1
BRDA:365,65,0,1
BRDA:370,66,0,1
BRDA:375,67,0,1
BRDA:384,68,0,1
BRDA:398,69,0,1
BRDA:399,70,0,1
BRDA:409,71,0,1
BRDA:419,72,0,1
BRDA:429,73,0,1
BRDA:445,74,0,1
BRDA:446,75,0,1
BRDA:451,76,0,1
BRDA:460,77,0,1
BRDA:468,78,0,1
BRDA:475,79,0,1
BRDA:482,80,0,1
BRDA:489,81,0,1
BRF:82
BRH:74
end_of_record
TN:
SF:tests\rayen\testHelpers.js
FN:7,polyfillTextEncoders
FN:17,setupDOM
FN:51,teardownDOM
FN:64,createFetchMock
FN:76,createSendBeaconMock
FN:92,_normalizePath
FN:103,loadScript
FNF:7
FNH:2
FNDA:0,polyfillTextEncoders
FNDA:0,setupDOM
FNDA:0,teardownDOM
FNDA:0,createFetchMock
FNDA:0,createSendBeaconMock
FNDA:3,_normalizePath
FNDA:3,loadScript
DA:1,1
DA:2,1
DA:3,1
DA:4,1
DA:5,1
DA:6,1
DA:7,0
DA:8,0
DA:9,0
DA:10,0
DA:11,0
DA:12,0
DA:13,0
DA:14,0
DA:15,1
DA:16,1
DA:17,0
DA:18,0
DA:19,0
DA:20,0
DA:21,0
DA:22,0
DA:23,0
DA:24,0
DA:25,0
DA:26,0
DA:27,0
DA:28,0
DA:29,0
DA:30,0
DA:31,0
DA:32,0
DA:33,0
DA:34,0
DA:35,0
DA:36,0
DA:37,0
DA:38,0
DA:39,0
DA:40,0
DA:41,0
DA:42,0
DA:43,0
DA:44,0
DA:45,0
DA:46,0
DA:47,0
DA:48,0
DA:49,1
DA:50,1
DA:51,0
DA:52,0
DA:53,0
DA:54,0
DA:55,0
DA:56,0
DA:57,0
DA:58,0
DA:59,0
DA:60,0
DA:61,0
DA:62,1
DA:63,1
DA:64,0
DA:65,0
DA:66,0
DA:67,0
DA:68,0
DA:69,0
DA:70,0
DA:71,0
DA:72,0
DA:73,0
DA:74,1
DA:75,1
DA:76,0
DA:77,0
DA:78,0
DA:79,1
DA:80,1
DA:81,1
DA:82,1
DA:83,1
DA:84,1
DA:85,1
DA:86,1
DA:87,1
DA:88,1
DA:89,1
DA:90,1
DA:91,1
DA:92,3
DA:93,3
DA:94,3
DA:95,3
DA:96,3
DA:97,3
DA:98,3
DA:99,3
DA:100,3
DA:101,3
DA:102,1
DA:103,3
DA:104,3
DA:105,3
DA:106,3
DA:107,0
DA:108,0
DA:109,3
DA:110,3
DA:111,3
DA:112,3
DA:113,3
DA:114,3
DA:115,3
DA:116,3
DA:117,3
DA:118,3
DA:119,3
DA:120,3
DA:121,3
DA:122,3
DA:123,658
DA:124,21
DA:125,21
DA:126,21
DA:127,0
DA:128,21
DA:129,21
DA:130,658
DA:131,3
DA:132,3
DA:133,3
DA:134,3
DA:135,3
DA:136,3
DA:137,3
DA:138,3
DA:139,21
DA:140,21
DA:141,21
DA:142,21
DA:143,21
DA:144,0
DA:145,0
DA:146,21
DA:147,0
DA:148,0
DA:149,21
DA:150,3
DA:151,3
DA:152,3
DA:153,1
DA:154,1
LF:154
LH:83
BRDA:92,0,0,3
BRDA:99,1,0,0
BRDA:103,2,0,3
BRDA:105,3,0,0
BRDA:106,4,0,0
BRDA:122,5,0,658
BRDA:123,6,0,21
BRDA:126,7,0,0
BRDA:138,8,0,21
BRDA:143,9,0,0
BRDA:146,10,0,0
BRDA:150,11,0,0
BRF:12
BRH:5
end_of_record
