<?xml version="1.0" encoding="UTF-8"?>
<coverage generated="1777022982">
  <project timestamp="1777022982">
    <file name="C:\xampp\htdocs\PRO-PFE-YOPY\yopy-platform\tests\bootstrap.php">
      <line num="4" type="stmt" count="0"/>
      <line num="5" type="stmt" count="0"/>
      <line num="6" type="stmt" count="0"/>
      <metrics loc="7" ncloc="5" classes="0" methods="0" coveredmethods="0" conditionals="0" coveredconditionals="0" statements="3" coveredstatements="0" elements="3" coveredelements="0"/>
    </file>
    <file name="C:\xampp\htdocs\PRO-PFE-YOPY\yopy-platform\tests\debug_reflection.php">
      <line num="2" type="stmt" count="0"/>
      <line num="3" type="stmt" count="0"/>
      <line num="5" type="stmt" count="0"/>
      <line num="6" type="stmt" count="0"/>
      <line num="7" type="stmt" count="0"/>
      <line num="10" type="stmt" count="0"/>
      <line num="11" type="stmt" count="0"/>
      <line num="12" type="stmt" count="0"/>
      <line num="13" type="stmt" count="0"/>
      <line num="14" type="stmt" count="0"/>
      <line num="15" type="stmt" count="0"/>
      <line num="16" type="stmt" count="0"/>
      <line num="17" type="stmt" count="0"/>
      <line num="18" type="stmt" count="0"/>
      <line num="19" type="stmt" count="0"/>
      <line num="20" type="stmt" count="0"/>
      <line num="21" type="stmt" count="0"/>
      <line num="22" type="stmt" count="0"/>
      <line num="23" type="stmt" count="0"/>
      <line num="24" type="stmt" count="0"/>
      <line num="25" type="stmt" count="0"/>
      <line num="26" type="stmt" count="0"/>
      <line num="27" type="stmt" count="0"/>
      <line num="28" type="stmt" count="0"/>
      <line num="29" type="stmt" count="0"/>
      <line num="30" type="stmt" count="0"/>
      <line num="31" type="stmt" count="0"/>
      <line num="32" type="stmt" count="0"/>
      <line num="33" type="stmt" count="0"/>
      <line num="34" type="stmt" count="0"/>
      <line num="35" type="stmt" count="0"/>
      <line num="36" type="stmt" count="0"/>
      <line num="38" type="stmt" count="0"/>
      <line num="40" type="stmt" count="0"/>
      <line num="41" type="stmt" count="0"/>
      <line num="42" type="stmt" count="0"/>
      <line num="43" type="stmt" count="0"/>
      <line num="44" type="stmt" count="0"/>
      <line num="45" type="stmt" count="0"/>
      <line num="46" type="stmt" count="0"/>
      <line num="47" type="stmt" count="0"/>
      <metrics loc="48" ncloc="47" classes="0" methods="0" coveredmethods="0" conditionals="0" coveredconditionals="0" statements="41" coveredstatements="0" elements="41" coveredelements="0"/>
    </file>
    <file name="C:\xampp\htdocs\PRO-PFE-YOPY\yopy-platform\tests\nawres\tests\BehaviorAnalyzerTest.php">
      <class name="BehaviorAnalyzerTest" namespace="global">
        <metrics complexity="56" methods="55" coveredmethods="48" conditionals="0" coveredconditionals="0" statements="596" coveredstatements="535" elements="651" coveredelements="583"/>
      </class>
      <line num="25" type="method" name="makePdo" visibility="private" complexity="1" crap="1" count="56"/>
      <line num="27" type="stmt" count="56"/>
      <line num="31" type="method" name="makeAnalyzer" visibility="private" complexity="1" crap="1" count="56"/>
      <line num="33" type="stmt" count="56"/>
      <line num="34" type="stmt" count="56"/>
      <line num="38" type="method" name="defaultConfig" visibility="private" complexity="1" crap="1" count="69"/>
      <line num="40" type="stmt" count="69"/>
      <line num="41" type="stmt" count="69"/>
      <line num="42" type="stmt" count="69"/>
      <line num="43" type="stmt" count="69"/>
      <line num="44" type="stmt" count="69"/>
      <line num="45" type="stmt" count="69"/>
      <line num="46" type="stmt" count="69"/>
      <line num="47" type="stmt" count="69"/>
      <line num="48" type="stmt" count="69"/>
      <line num="49" type="stmt" count="69"/>
      <line num="50" type="stmt" count="69"/>
      <line num="51" type="stmt" count="69"/>
      <line num="52" type="stmt" count="69"/>
      <line num="53" type="stmt" count="69"/>
      <line num="54" type="stmt" count="69"/>
      <line num="55" type="stmt" count="69"/>
      <line num="56" type="stmt" count="69"/>
      <line num="57" type="stmt" count="69"/>
      <line num="58" type="stmt" count="69"/>
      <line num="59" type="stmt" count="69"/>
      <line num="60" type="stmt" count="69"/>
      <line num="61" type="stmt" count="69"/>
      <line num="62" type="stmt" count="69"/>
      <line num="63" type="stmt" count="69"/>
      <line num="64" type="stmt" count="69"/>
      <line num="65" type="stmt" count="69"/>
      <line num="66" type="stmt" count="69"/>
      <line num="67" type="stmt" count="69"/>
      <line num="68" type="stmt" count="69"/>
      <line num="69" type="stmt" count="69"/>
      <line num="70" type="stmt" count="69"/>
      <line num="71" type="stmt" count="69"/>
      <line num="72" type="stmt" count="69"/>
      <line num="73" type="stmt" count="69"/>
      <line num="74" type="stmt" count="69"/>
      <line num="75" type="stmt" count="69"/>
      <line num="76" type="stmt" count="69"/>
      <line num="77" type="stmt" count="69"/>
      <line num="78" type="stmt" count="69"/>
      <line num="86" type="method" name="makeSession" visibility="private" complexity="1" crap="1" count="6"/>
      <line num="88" type="stmt" count="6"/>
      <line num="89" type="stmt" count="6"/>
      <line num="90" type="stmt" count="6"/>
      <line num="91" type="stmt" count="6"/>
      <line num="92" type="stmt" count="6"/>
      <line num="93" type="stmt" count="6"/>
      <line num="94" type="stmt" count="6"/>
      <line num="95" type="stmt" count="6"/>
      <line num="96" type="stmt" count="6"/>
      <line num="97" type="stmt" count="6"/>
      <line num="98" type="stmt" count="6"/>
      <line num="106" type="method" name="makeSummarySession" visibility="private" complexity="1" crap="1" count="1"/>
      <line num="108" type="stmt" count="1"/>
      <line num="109" type="stmt" count="1"/>
      <line num="110" type="stmt" count="1"/>
      <line num="111" type="stmt" count="1"/>
      <line num="112" type="stmt" count="1"/>
      <line num="113" type="stmt" count="1"/>
      <line num="114" type="stmt" count="1"/>
      <line num="115" type="stmt" count="1"/>
      <line num="116" type="stmt" count="1"/>
      <line num="117" type="stmt" count="1"/>
      <line num="118" type="stmt" count="1"/>
      <line num="126" type="method" name="test_resolveState" visibility="public" complexity="1" crap="1" count="7"/>
      <line num="129" type="stmt" count="7"/>
      <line num="135" type="stmt" count="7"/>
      <line num="136" type="stmt" count="7"/>
      <line num="137" type="stmt" count="7"/>
      <line num="139" type="stmt" count="7"/>
      <line num="141" type="stmt" count="7"/>
      <line num="144" type="method" name="provideResolveState" visibility="public" complexity="1" crap="2" count="0"/>
      <line num="146" type="stmt" count="0"/>
      <line num="147" type="stmt" count="0"/>
      <line num="148" type="stmt" count="0"/>
      <line num="149" type="stmt" count="0"/>
      <line num="150" type="stmt" count="0"/>
      <line num="151" type="stmt" count="0"/>
      <line num="152" type="stmt" count="0"/>
      <line num="153" type="stmt" count="0"/>
      <line num="154" type="stmt" count="0"/>
      <line num="155" type="stmt" count="0"/>
      <line num="156" type="stmt" count="0"/>
      <line num="157" type="stmt" count="0"/>
      <line num="158" type="stmt" count="0"/>
      <line num="159" type="stmt" count="0"/>
      <line num="160" type="stmt" count="0"/>
      <line num="161" type="stmt" count="0"/>
      <line num="162" type="stmt" count="0"/>
      <line num="163" type="stmt" count="0"/>
      <line num="164" type="stmt" count="0"/>
      <line num="165" type="stmt" count="0"/>
      <line num="166" type="stmt" count="0"/>
      <line num="167" type="stmt" count="0"/>
      <line num="168" type="stmt" count="0"/>
      <line num="169" type="stmt" count="0"/>
      <line num="170" type="stmt" count="0"/>
      <line num="171" type="stmt" count="0"/>
      <line num="172" type="stmt" count="0"/>
      <line num="173" type="stmt" count="0"/>
      <line num="174" type="stmt" count="0"/>
      <line num="175" type="stmt" count="0"/>
      <line num="183" type="method" name="test_resolveAgeGroup" visibility="public" complexity="1" crap="1" count="10"/>
      <line num="185" type="stmt" count="10"/>
      <line num="186" type="stmt" count="10"/>
      <line num="187" type="stmt" count="10"/>
      <line num="188" type="stmt" count="10"/>
      <line num="190" type="stmt" count="10"/>
      <line num="193" type="method" name="provideAgeGroups" visibility="public" complexity="1" crap="2" count="0"/>
      <line num="195" type="stmt" count="0"/>
      <line num="196" type="stmt" count="0"/>
      <line num="197" type="stmt" count="0"/>
      <line num="198" type="stmt" count="0"/>
      <line num="199" type="stmt" count="0"/>
      <line num="200" type="stmt" count="0"/>
      <line num="201" type="stmt" count="0"/>
      <line num="202" type="stmt" count="0"/>
      <line num="203" type="stmt" count="0"/>
      <line num="204" type="stmt" count="0"/>
      <line num="205" type="stmt" count="0"/>
      <line num="206" type="stmt" count="0"/>
      <line num="213" type="method" name="test_getBaselineLatency_knownGame_knownAge" visibility="public" complexity="1" crap="1" count="1"/>
      <line num="215" type="stmt" count="1"/>
      <line num="216" type="stmt" count="1"/>
      <line num="217" type="stmt" count="1"/>
      <line num="218" type="stmt" count="1"/>
      <line num="220" type="stmt" count="1"/>
      <line num="223" type="method" name="test_getBaselineLatency_unknownGame_fallsBackToDefault" visibility="public" complexity="1" crap="1" count="1"/>
      <line num="225" type="stmt" count="1"/>
      <line num="226" type="stmt" count="1"/>
      <line num="227" type="stmt" count="1"/>
      <line num="228" type="stmt" count="1"/>
      <line num="230" type="stmt" count="1"/>
      <line num="233" type="method" name="test_getBaselineLatency_noConfigAtAll_returns1500" visibility="public" complexity="1" crap="1" count="1"/>
      <line num="235" type="stmt" count="1"/>
      <line num="236" type="stmt" count="1"/>
      <line num="237" type="stmt" count="1"/>
      <line num="238" type="stmt" count="1"/>
      <line num="240" type="stmt" count="1"/>
      <line num="247" type="method" name="test_getGameWeight_knownSlug" visibility="public" complexity="1" crap="1" count="1"/>
      <line num="249" type="stmt" count="1"/>
      <line num="250" type="stmt" count="1"/>
      <line num="251" type="stmt" count="1"/>
      <line num="252" type="stmt" count="1"/>
      <line num="254" type="stmt" count="1"/>
      <line num="257" type="method" name="test_getGameWeight_unknownSlug_returnsDefault" visibility="public" complexity="1" crap="1" count="1"/>
      <line num="259" type="stmt" count="1"/>
      <line num="260" type="stmt" count="1"/>
      <line num="261" type="stmt" count="1"/>
      <line num="262" type="stmt" count="1"/>
      <line num="264" type="stmt" count="1"/>
      <line num="272" type="method" name="test_decodeJson" visibility="public" complexity="1" crap="1" count="6"/>
      <line num="274" type="stmt" count="6"/>
      <line num="275" type="stmt" count="6"/>
      <line num="276" type="stmt" count="6"/>
      <line num="277" type="stmt" count="6"/>
      <line num="279" type="stmt" count="6"/>
      <line num="282" type="method" name="provideDecodeJson" visibility="public" complexity="1" crap="2" count="0"/>
      <line num="284" type="stmt" count="0"/>
      <line num="285" type="stmt" count="0"/>
      <line num="286" type="stmt" count="0"/>
      <line num="287" type="stmt" count="0"/>
      <line num="288" type="stmt" count="0"/>
      <line num="289" type="stmt" count="0"/>
      <line num="290" type="stmt" count="0"/>
      <line num="291" type="stmt" count="0"/>
      <line num="298" type="method" name="test_normalizeRawEvents_filtersInvalidEntries" visibility="public" complexity="1" crap="1" count="1"/>
      <line num="300" type="stmt" count="1"/>
      <line num="301" type="stmt" count="1"/>
      <line num="302" type="stmt" count="1"/>
      <line num="303" type="stmt" count="1"/>
      <line num="305" type="stmt" count="1"/>
      <line num="306" type="stmt" count="1"/>
      <line num="307" type="stmt" count="1"/>
      <line num="308" type="stmt" count="1"/>
      <line num="309" type="stmt" count="1"/>
      <line num="310" type="stmt" count="1"/>
      <line num="311" type="stmt" count="1"/>
      <line num="312" type="stmt" count="1"/>
      <line num="314" type="stmt" count="1"/>
      <line num="316" type="stmt" count="1"/>
      <line num="317" type="stmt" count="1"/>
      <line num="318" type="stmt" count="1"/>
      <line num="319" type="stmt" count="1"/>
      <line num="320" type="stmt" count="1"/>
      <line num="321" type="stmt" count="1"/>
      <line num="324" type="method" name="test_normalizeRawEvents_emptyInput_returnsEmpty" visibility="public" complexity="1" crap="1" count="1"/>
      <line num="326" type="stmt" count="1"/>
      <line num="327" type="stmt" count="1"/>
      <line num="328" type="stmt" count="1"/>
      <line num="329" type="stmt" count="1"/>
      <line num="331" type="stmt" count="1"/>
      <line num="334" type="method" name="test_normalizeRawEvents_preservesPairId" visibility="public" complexity="1" crap="1" count="1"/>
      <line num="336" type="stmt" count="1"/>
      <line num="337" type="stmt" count="1"/>
      <line num="338" type="stmt" count="1"/>
      <line num="339" type="stmt" count="1"/>
      <line num="341" type="stmt" count="1"/>
      <line num="342" type="stmt" count="1"/>
      <line num="344" type="stmt" count="1"/>
      <line num="345" type="stmt" count="1"/>
      <line num="352" type="method" name="test_detectPairTracking_withPairId_enabled" visibility="public" complexity="1" crap="1" count="1"/>
      <line num="354" type="stmt" count="1"/>
      <line num="355" type="stmt" count="1"/>
      <line num="356" type="stmt" count="1"/>
      <line num="357" type="stmt" count="1"/>
      <line num="359" type="stmt" count="1"/>
      <line num="360" type="stmt" count="1"/>
      <line num="362" type="stmt" count="1"/>
      <line num="363" type="stmt" count="1"/>
      <line num="366" type="method" name="test_detectPairTracking_withoutPairId_disabled" visibility="public" complexity="1" crap="1" count="1"/>
      <line num="368" type="stmt" count="1"/>
      <line num="369" type="stmt" count="1"/>
      <line num="370" type="stmt" count="1"/>
      <line num="371" type="stmt" count="1"/>
      <line num="373" type="stmt" count="1"/>
      <line num="374" type="stmt" count="1"/>
      <line num="376" type="stmt" count="1"/>
      <line num="384" type="method" name="test_slugify" visibility="public" complexity="1" crap="1" count="6"/>
      <line num="386" type="stmt" count="6"/>
      <line num="387" type="stmt" count="6"/>
      <line num="388" type="stmt" count="6"/>
      <line num="389" type="stmt" count="6"/>
      <line num="391" type="stmt" count="6"/>
      <line num="394" type="method" name="provideSlugs" visibility="public" complexity="1" crap="2" count="0"/>
      <line num="396" type="stmt" count="0"/>
      <line num="397" type="stmt" count="0"/>
      <line num="398" type="stmt" count="0"/>
      <line num="399" type="stmt" count="0"/>
      <line num="400" type="stmt" count="0"/>
      <line num="401" type="stmt" count="0"/>
      <line num="402" type="stmt" count="0"/>
      <line num="403" type="stmt" count="0"/>
      <line num="410" type="method" name="test_applySummaryRules_highLatency_increasesBoredom" visibility="public" complexity="1" crap="1" count="1"/>
      <line num="412" type="stmt" count="1"/>
      <line num="413" type="stmt" count="1"/>
      <line num="414" type="stmt" count="1"/>
      <line num="415" type="stmt" count="1"/>
      <line num="417" type="stmt" count="1"/>
      <line num="418" type="stmt" count="1"/>
      <line num="420" type="stmt" count="1"/>
      <line num="422" type="stmt" count="1"/>
      <line num="423" type="stmt" count="1"/>
      <line num="425" type="stmt" count="1"/>
      <line num="426" type="stmt" count="1"/>
      <line num="429" type="method" name="test_applySummaryRules_highErrorRate_increasesFrustration" visibility="public" complexity="1" crap="1" count="1"/>
      <line num="431" type="stmt" count="1"/>
      <line num="432" type="stmt" count="1"/>
      <line num="433" type="stmt" count="1"/>
      <line num="434" type="stmt" count="1"/>
      <line num="436" type="stmt" count="1"/>
      <line num="437" type="stmt" count="1"/>
      <line num="439" type="stmt" count="1"/>
      <line num="441" type="stmt" count="1"/>
      <line num="442" type="stmt" count="1"/>
      <line num="444" type="stmt" count="1"/>
      <line num="445" type="stmt" count="1"/>
      <line num="448" type="method" name="test_applySummaryRules_lowErrorAndLatency_increasesFocus" visibility="public" complexity="1" crap="1" count="1"/>
      <line num="450" type="stmt" count="1"/>
      <line num="451" type="stmt" count="1"/>
      <line num="452" type="stmt" count="1"/>
      <line num="453" type="stmt" count="1"/>
      <line num="455" type="stmt" count="1"/>
      <line num="456" type="stmt" count="1"/>
      <line num="458" type="stmt" count="1"/>
      <line num="460" type="stmt" count="1"/>
      <line num="461" type="stmt" count="1"/>
      <line num="463" type="stmt" count="1"/>
      <line num="464" type="stmt" count="1"/>
      <line num="467" type="method" name="test_applySummaryRules_highSuccessCount_incrementsJoy" visibility="public" complexity="1" crap="1" count="1"/>
      <line num="469" type="stmt" count="1"/>
      <line num="470" type="stmt" count="1"/>
      <line num="471" type="stmt" count="1"/>
      <line num="472" type="stmt" count="1"/>
      <line num="474" type="stmt" count="1"/>
      <line num="475" type="stmt" count="1"/>
      <line num="476" type="stmt" count="1"/>
      <line num="478" type="stmt" count="1"/>
      <line num="479" type="stmt" count="1"/>
      <line num="481" type="stmt" count="1"/>
      <line num="482" type="stmt" count="1"/>
      <line num="485" type="method" name="test_applySummaryRules_emptySignals_noScoreChange" visibility="public" complexity="1" crap="1" count="1"/>
      <line num="487" type="stmt" count="1"/>
      <line num="488" type="stmt" count="1"/>
      <line num="489" type="stmt" count="1"/>
      <line num="490" type="stmt" count="1"/>
      <line num="492" type="stmt" count="1"/>
      <line num="493" type="stmt" count="1"/>
      <line num="495" type="stmt" count="1"/>
      <line num="496" type="stmt" count="1"/>
      <line num="498" type="stmt" count="1"/>
      <line num="505" type="method" name="test_applyEventRules_longPause_increasesBoredom" visibility="public" complexity="1" crap="1.00" count="1"/>
      <line num="507" type="stmt" count="1"/>
      <line num="508" type="stmt" count="1"/>
      <line num="509" type="stmt" count="1"/>
      <line num="510" type="stmt" count="1"/>
      <line num="512" type="stmt" count="1"/>
      <line num="513" type="stmt" count="1"/>
      <line num="516" type="stmt" count="1"/>
      <line num="517" type="stmt" count="1"/>
      <line num="518" type="stmt" count="1"/>
      <line num="519" type="stmt" count="1"/>
      <line num="521" type="stmt" count="1"/>
      <line num="522" type="stmt" count="1"/>
      <line num="524" type="stmt" count="1"/>
      <line num="525" type="stmt" count="0"/>
      <line num="528" type="method" name="test_applyEventRules_spamReactions_increasesFrustration" visibility="public" complexity="1" crap="1" count="1"/>
      <line num="530" type="stmt" count="1"/>
      <line num="531" type="stmt" count="1"/>
      <line num="532" type="stmt" count="1"/>
      <line num="533" type="stmt" count="1"/>
      <line num="535" type="stmt" count="1"/>
      <line num="536" type="stmt" count="1"/>
      <line num="539" type="stmt" count="1"/>
      <line num="540" type="stmt" count="1"/>
      <line num="541" type="stmt" count="1"/>
      <line num="542" type="stmt" count="1"/>
      <line num="543" type="stmt" count="1"/>
      <line num="545" type="stmt" count="1"/>
      <line num="546" type="stmt" count="1"/>
      <line num="548" type="stmt" count="1"/>
      <line num="549" type="stmt" count="1"/>
      <line num="552" type="method" name="test_applyEventRules_errorSpiral_increasesFrustration" visibility="public" complexity="1" crap="1" count="1"/>
      <line num="554" type="stmt" count="1"/>
      <line num="555" type="stmt" count="1"/>
      <line num="556" type="stmt" count="1"/>
      <line num="557" type="stmt" count="1"/>
      <line num="559" type="stmt" count="1"/>
      <line num="560" type="stmt" count="1"/>
      <line num="563" type="stmt" count="1"/>
      <line num="564" type="stmt" count="1"/>
      <line num="565" type="stmt" count="1"/>
      <line num="566" type="stmt" count="1"/>
      <line num="568" type="stmt" count="1"/>
      <line num="569" type="stmt" count="1"/>
      <line num="571" type="stmt" count="1"/>
      <line num="572" type="stmt" count="1"/>
      <line num="575" type="method" name="test_applyEventRules_joyStreak_incrementsJoy" visibility="public" complexity="2" crap="2" count="1"/>
      <line num="577" type="stmt" count="1"/>
      <line num="578" type="stmt" count="1"/>
      <line num="579" type="stmt" count="1"/>
      <line num="580" type="stmt" count="1"/>
      <line num="582" type="stmt" count="1"/>
      <line num="583" type="stmt" count="1"/>
      <line num="586" type="stmt" count="1"/>
      <line num="587" type="stmt" count="1"/>
      <line num="588" type="stmt" count="1"/>
      <line num="591" type="stmt" count="1"/>
      <line num="592" type="stmt" count="1"/>
      <line num="594" type="stmt" count="1"/>
      <line num="595" type="stmt" count="1"/>
      <line num="598" type="method" name="test_applyEventRules_quickRecovery_increasesFocus" visibility="public" complexity="1" crap="1" count="1"/>
      <line num="600" type="stmt" count="1"/>
      <line num="601" type="stmt" count="1"/>
      <line num="602" type="stmt" count="1"/>
      <line num="603" type="stmt" count="1"/>
      <line num="605" type="stmt" count="1"/>
      <line num="606" type="stmt" count="1"/>
      <line num="610" type="stmt" count="1"/>
      <line num="611" type="stmt" count="1"/>
      <line num="612" type="stmt" count="1"/>
      <line num="613" type="stmt" count="1"/>
      <line num="615" type="stmt" count="1"/>
      <line num="616" type="stmt" count="1"/>
      <line num="618" type="stmt" count="1"/>
      <line num="619" type="stmt" count="1"/>
      <line num="622" type="method" name="test_applyEventRules_sluggishReactions_incrementsBoredom" visibility="public" complexity="1" crap="1" count="1"/>
      <line num="624" type="stmt" count="1"/>
      <line num="625" type="stmt" count="1"/>
      <line num="626" type="stmt" count="1"/>
      <line num="627" type="stmt" count="1"/>
      <line num="629" type="stmt" count="1"/>
      <line num="630" type="stmt" count="1"/>
      <line num="633" type="stmt" count="1"/>
      <line num="634" type="stmt" count="1"/>
      <line num="635" type="stmt" count="1"/>
      <line num="636" type="stmt" count="1"/>
      <line num="637" type="stmt" count="1"/>
      <line num="639" type="stmt" count="1"/>
      <line num="640" type="stmt" count="1"/>
      <line num="642" type="stmt" count="1"/>
      <line num="643" type="stmt" count="1"/>
      <line num="646" type="method" name="test_applyEventRules_decayApplied_afterInterval" visibility="public" complexity="1" crap="1" count="1"/>
      <line num="648" type="stmt" count="1"/>
      <line num="649" type="stmt" count="1"/>
      <line num="650" type="stmt" count="1"/>
      <line num="651" type="stmt" count="1"/>
      <line num="654" type="stmt" count="1"/>
      <line num="655" type="stmt" count="1"/>
      <line num="657" type="stmt" count="1"/>
      <line num="658" type="stmt" count="1"/>
      <line num="659" type="stmt" count="1"/>
      <line num="660" type="stmt" count="1"/>
      <line num="662" type="stmt" count="1"/>
      <line num="663" type="stmt" count="1"/>
      <line num="665" type="stmt" count="1"/>
      <line num="672" type="method" name="test_memoryGame_sameErrorPairTwice_increasesFrustration" visibility="public" complexity="1" crap="1.00" count="1"/>
      <line num="674" type="stmt" count="1"/>
      <line num="675" type="stmt" count="1"/>
      <line num="676" type="stmt" count="1"/>
      <line num="677" type="stmt" count="1"/>
      <line num="679" type="stmt" count="1"/>
      <line num="680" type="stmt" count="1"/>
      <line num="684" type="stmt" count="1"/>
      <line num="685" type="stmt" count="1"/>
      <line num="686" type="stmt" count="1"/>
      <line num="687" type="stmt" count="1"/>
      <line num="688" type="stmt" count="1"/>
      <line num="690" type="stmt" count="1"/>
      <line num="692" type="stmt" count="1"/>
      <line num="693" type="stmt" count="0"/>
      <line num="700" type="method" name="test_analyzeSessionRecord_rawSignals_returnsRawQuality" visibility="public" complexity="1" crap="1" count="1"/>
      <line num="703" type="stmt" count="1"/>
      <line num="704" type="stmt" count="1"/>
      <line num="705" type="stmt" count="1"/>
      <line num="707" type="stmt" count="1"/>
      <line num="708" type="stmt" count="1"/>
      <line num="710" type="stmt" count="1"/>
      <line num="712" type="stmt" count="1"/>
      <line num="713" type="stmt" count="1"/>
      <line num="715" type="stmt" count="1"/>
      <line num="717" type="stmt" count="1"/>
      <line num="718" type="stmt" count="1"/>
      <line num="719" type="stmt" count="1"/>
      <line num="720" type="stmt" count="1"/>
      <line num="723" type="method" name="test_analyzeSessionRecord_noData_returnsNoDataQuality" visibility="public" complexity="1" crap="1" count="1"/>
      <line num="725" type="stmt" count="1"/>
      <line num="726" type="stmt" count="1"/>
      <line num="727" type="stmt" count="1"/>
      <line num="729" type="stmt" count="1"/>
      <line num="730" type="stmt" count="1"/>
      <line num="732" type="stmt" count="1"/>
      <line num="734" type="stmt" count="1"/>
      <line num="735" type="stmt" count="1"/>
      <line num="737" type="stmt" count="1"/>
      <line num="739" type="stmt" count="1"/>
      <line num="742" type="method" name="test_analyzeSessionRecord_summaryOnly_returnsCorrectQuality" visibility="public" complexity="1" crap="1" count="1"/>
      <line num="744" type="stmt" count="1"/>
      <line num="745" type="stmt" count="1"/>
      <line num="746" type="stmt" count="1"/>
      <line num="748" type="stmt" count="1"/>
      <line num="749" type="stmt" count="1"/>
      <line num="751" type="stmt" count="1"/>
      <line num="752" type="stmt" count="1"/>
      <line num="754" type="stmt" count="1"/>
      <line num="756" type="stmt" count="1"/>
      <line num="763" type="method" name="test_storeAnalysis_executesInsertAndReturnsTrue" visibility="public" complexity="1" crap="1" count="1"/>
      <line num="765" type="stmt" count="1"/>
      <line num="766" type="stmt" count="1"/>
      <line num="768" type="stmt" count="1"/>
      <line num="769" type="stmt" count="1"/>
      <line num="771" type="stmt" count="1"/>
      <line num="773" type="stmt" count="1"/>
      <line num="774" type="stmt" count="1"/>
      <line num="775" type="stmt" count="1"/>
      <line num="776" type="stmt" count="1"/>
      <line num="777" type="stmt" count="1"/>
      <line num="778" type="stmt" count="1"/>
      <line num="779" type="stmt" count="1"/>
      <line num="780" type="stmt" count="1"/>
      <line num="781" type="stmt" count="1"/>
      <line num="782" type="stmt" count="1"/>
      <line num="783" type="stmt" count="1"/>
      <line num="785" type="stmt" count="1"/>
      <line num="788" type="method" name="test_storeAnalysis_pdoFailure_returnsFalse" visibility="public" complexity="1" crap="1" count="1"/>
      <line num="790" type="stmt" count="1"/>
      <line num="791" type="stmt" count="1"/>
      <line num="793" type="stmt" count="1"/>
      <line num="794" type="stmt" count="1"/>
      <line num="796" type="stmt" count="1"/>
      <line num="798" type="stmt" count="1"/>
      <line num="799" type="stmt" count="1"/>
      <line num="800" type="stmt" count="1"/>
      <line num="801" type="stmt" count="1"/>
      <line num="802" type="stmt" count="1"/>
      <line num="803" type="stmt" count="1"/>
      <line num="804" type="stmt" count="1"/>
      <line num="805" type="stmt" count="1"/>
      <line num="806" type="stmt" count="1"/>
      <line num="807" type="stmt" count="1"/>
      <line num="808" type="stmt" count="1"/>
      <line num="810" type="stmt" count="1"/>
      <line num="817" type="method" name="test_runPeriodAnalysis_noEligibleChildren_returnsZeroCounts" visibility="public" complexity="1" crap="1" count="1"/>
      <line num="820" type="stmt" count="1"/>
      <line num="821" type="stmt" count="1"/>
      <line num="822" type="stmt" count="1"/>
      <line num="824" type="stmt" count="1"/>
      <line num="825" type="stmt" count="1"/>
      <line num="827" type="stmt" count="1"/>
      <line num="828" type="stmt" count="1"/>
      <line num="829" type="stmt" count="1"/>
      <line num="831" type="stmt" count="1"/>
      <line num="833" type="stmt" count="1"/>
      <line num="834" type="stmt" count="1"/>
      <line num="835" type="stmt" count="1"/>
      <line num="836" type="stmt" count="1"/>
      <line num="843" type="method" name="test_analyzeChildAllSessions_noSessions_returnsNull" visibility="public" complexity="1" crap="1" count="1"/>
      <line num="846" type="stmt" count="1"/>
      <line num="847" type="stmt" count="1"/>
      <line num="848" type="stmt" count="1"/>
      <line num="850" type="stmt" count="1"/>
      <line num="851" type="stmt" count="1"/>
      <line num="853" type="stmt" count="1"/>
      <line num="855" type="stmt" count="1"/>
      <line num="862" type="method" name="test_mergeWithHistory_noHistory_scoresUnchanged" visibility="public" complexity="1" crap="1" count="1"/>
      <line num="864" type="stmt" count="1"/>
      <line num="865" type="stmt" count="1"/>
      <line num="866" type="stmt" count="1"/>
      <line num="868" type="stmt" count="1"/>
      <line num="869" type="stmt" count="1"/>
      <line num="871" type="stmt" count="1"/>
      <line num="872" type="stmt" count="1"/>
      <line num="873" type="stmt" count="1"/>
      <line num="874" type="stmt" count="1"/>
      <line num="876" type="stmt" count="1"/>
      <line num="877" type="stmt" count="1"/>
      <line num="879" type="stmt" count="1"/>
      <line num="881" type="stmt" count="1"/>
      <line num="882" type="stmt" count="1"/>
      <line num="883" type="stmt" count="1"/>
      <line num="886" type="method" name="test_mergeWithHistory_withPreviousAnalysis_addsWeightedScores" visibility="public" complexity="1" crap="1" count="1"/>
      <line num="888" type="stmt" count="1"/>
      <line num="889" type="stmt" count="1"/>
      <line num="890" type="stmt" count="1"/>
      <line num="891" type="stmt" count="1"/>
      <line num="892" type="stmt" count="1"/>
      <line num="893" type="stmt" count="1"/>
      <line num="894" type="stmt" count="1"/>
      <line num="896" type="stmt" count="1"/>
      <line num="897" type="stmt" count="1"/>
      <line num="898" type="stmt" count="1"/>
      <line num="900" type="stmt" count="1"/>
      <line num="901" type="stmt" count="1"/>
      <line num="903" type="stmt" count="1"/>
      <line num="904" type="stmt" count="1"/>
      <line num="905" type="stmt" count="1"/>
      <line num="906" type="stmt" count="1"/>
      <line num="908" type="stmt" count="1"/>
      <line num="909" type="stmt" count="1"/>
      <line num="911" type="stmt" count="1"/>
      <line num="914" type="stmt" count="1"/>
      <line num="915" type="stmt" count="1"/>
      <line num="916" type="stmt" count="0"/>
      <line num="923" type="method" name="test_robustness_analyzeSessionRecord_nullAge" visibility="public" complexity="1" crap="1" count="1"/>
      <line num="925" type="stmt" count="1"/>
      <line num="926" type="stmt" count="1"/>
      <line num="927" type="stmt" count="1"/>
      <line num="929" type="stmt" count="1"/>
      <line num="930" type="stmt" count="1"/>
      <line num="932" type="stmt" count="1"/>
      <line num="933" type="stmt" count="1"/>
      <line num="936" type="stmt" count="1"/>
      <line num="938" type="stmt" count="1"/>
      <line num="941" type="method" name="test_robustness_analyzeSessionRecord_unknownGameSlug" visibility="public" complexity="1" crap="1" count="1"/>
      <line num="943" type="stmt" count="1"/>
      <line num="944" type="stmt" count="1"/>
      <line num="945" type="stmt" count="1"/>
      <line num="947" type="stmt" count="1"/>
      <line num="948" type="stmt" count="1"/>
      <line num="950" type="stmt" count="1"/>
      <line num="951" type="stmt" count="1"/>
      <line num="953" type="stmt" count="1"/>
      <line num="955" type="stmt" count="1"/>
      <line num="956" type="stmt" count="1"/>
      <line num="959" type="method" name="test_robustness_analyzeSessionRecord_invalidJsonRawSignals" visibility="public" complexity="1" crap="1" count="1"/>
      <line num="961" type="stmt" count="1"/>
      <line num="962" type="stmt" count="1"/>
      <line num="963" type="stmt" count="1"/>
      <line num="965" type="stmt" count="1"/>
      <line num="966" type="stmt" count="1"/>
      <line num="968" type="stmt" count="1"/>
      <line num="970" type="stmt" count="1"/>
      <line num="971" type="stmt" count="1"/>
      <line num="973" type="stmt" count="1"/>
      <line num="975" type="stmt" count="1"/>
      <line num="977" type="stmt" count="1"/>
      <line num="980" type="method" name="test_robustness_analyzeSessionRecord_emptyEventsArray" visibility="public" complexity="1" crap="1" count="1"/>
      <line num="982" type="stmt" count="1"/>
      <line num="983" type="stmt" count="1"/>
      <line num="984" type="stmt" count="1"/>
      <line num="986" type="stmt" count="1"/>
      <line num="987" type="stmt" count="1"/>
      <line num="989" type="stmt" count="1"/>
      <line num="990" type="stmt" count="1"/>
      <line num="992" type="stmt" count="1"/>
      <line num="994" type="stmt" count="1"/>
      <line num="995" type="stmt" count="1"/>
      <line num="998" type="method" name="test_robustness_applyEventRules_singleEvent_noException" visibility="public" complexity="1" crap="1" count="1"/>
      <line num="1000" type="stmt" count="1"/>
      <line num="1001" type="stmt" count="1"/>
      <line num="1002" type="stmt" count="1"/>
      <line num="1003" type="stmt" count="1"/>
      <line num="1005" type="stmt" count="1"/>
      <line num="1006" type="stmt" count="1"/>
      <line num="1009" type="stmt" count="1"/>
      <line num="1011" type="stmt" count="1"/>
      <line num="1014" type="stmt" count="1"/>
      <line num="1017" type="method" name="test_robustness_resolveState_negativeScores" visibility="public" complexity="1" crap="1" count="1"/>
      <line num="1019" type="stmt" count="1"/>
      <line num="1020" type="stmt" count="1"/>
      <line num="1021" type="stmt" count="1"/>
      <line num="1022" type="stmt" count="1"/>
      <line num="1025" type="stmt" count="1"/>
      <line num="1026" type="stmt" count="1"/>
      <line num="1028" type="stmt" count="1"/>
      <line num="1029" type="stmt" count="1"/>
      <line num="1032" type="method" name="test_robustness_mergeConfig_deepMerge" visibility="public" complexity="1" crap="1" count="1"/>
      <line num="1034" type="stmt" count="1"/>
      <line num="1035" type="stmt" count="1"/>
      <line num="1037" type="stmt" count="1"/>
      <line num="1038" type="stmt" count="1"/>
      <line num="1039" type="stmt" count="1"/>
      <line num="1041" type="stmt" count="1"/>
      <line num="1043" type="stmt" count="1"/>
      <line num="1044" type="stmt" count="1"/>
      <line num="1045" type="stmt" count="1"/>
      <line num="1046" type="stmt" count="1"/>
      <line num="1047" type="stmt" count="1"/>
      <line num="1050" type="method" name="test_robustness_runPeriodAnalysis_defaultMinSessionsFromConfig" visibility="public" complexity="1" crap="1" count="1"/>
      <line num="1052" type="stmt" count="1"/>
      <line num="1053" type="stmt" count="1"/>
      <line num="1054" type="stmt" count="1"/>
      <line num="1056" type="stmt" count="1"/>
      <line num="1057" type="stmt" count="1"/>
      <line num="1059" type="stmt" count="1"/>
      <line num="1060" type="stmt" count="1"/>
      <line num="1061" type="stmt" count="1"/>
      <line num="1063" type="stmt" count="1"/>
      <line num="1064" type="stmt" count="1"/>
      <line num="1065" type="stmt" count="1"/>
      <line num="1068" type="stmt" count="1"/>
      <line num="1071" type="method" name="test_robustness_getBaselineErrorRate_nullAge_returnsDefault" visibility="public" complexity="1" crap="1" count="1"/>
      <line num="1073" type="stmt" count="1"/>
      <line num="1074" type="stmt" count="1"/>
      <line num="1075" type="stmt" count="1"/>
      <line num="1076" type="stmt" count="1"/>
      <line num="1078" type="stmt" count="1"/>
      <line num="1080" type="stmt" count="1"/>
      <line num="1083" type="method" name="test_robustness_normalizeRawEvents_allInvalidEntries_returnsEmpty" visibility="public" complexity="1" crap="1" count="1"/>
      <line num="1085" type="stmt" count="1"/>
      <line num="1086" type="stmt" count="1"/>
      <line num="1087" type="stmt" count="1"/>
      <line num="1088" type="stmt" count="1"/>
      <line num="1090" type="stmt" count="1"/>
      <line num="1091" type="stmt" count="1"/>
      <line num="1093" type="stmt" count="1"/>
      <metrics loc="1096" ncloc="972" classes="1" methods="55" coveredmethods="48" conditionals="0" coveredconditionals="0" statements="596" coveredstatements="535" elements="651" coveredelements="583"/>
    </file>
    <metrics files="3" loc="1151" ncloc="1024" classes="1" methods="55" coveredmethods="48" conditionals="0" coveredconditionals="0" statements="640" coveredstatements="535" elements="695" coveredelements="583"/>
  </project>
</coverage>
